{
  "RSpec": {
    "coverage": {
      "/Users/Sara/rails_projects/exercise7/app/controllers/application_controller.rb": [
        1,
        1,
        1,
        null
      ],
      "/Users/Sara/rails_projects/exercise7/app/helpers/application_helper.rb": [
        1,
        1,
        25,
        25,
        5,
        null,
        20,
        null,
        null,
        null,
        null
      ],
      "/Users/Sara/rails_projects/exercise7/app/helpers/blogs_helper.rb": [
        1,
        null,
        null,
        null
      ],
      "/Users/Sara/rails_projects/exercise7/app/helpers/sessions_helper.rb": [
        1,
        1,
        2,
        2,
        null,
        null,
        1,
        2,
        null,
        null,
        1,
        48,
        null,
        null,
        1,
        25,
        null,
        null,
        1,
        0,
        0,
        null,
        null,
        null
      ],
      "/Users/Sara/rails_projects/exercise7/app/helpers/users_helper.rb": [
        1,
        null,
        1,
        8,
        8,
        8,
        null,
        null
      ],
      "/Users/Sara/rails_projects/exercise7/app/controllers/blogs_controller.rb": [
        1,
        1,
        null,
        null,
        1,
        null,
        null,
        1,
        null,
        null,
        1,
        0,
        null,
        null,
        null,
        1,
        null,
        null,
        null
      ],
      "/Users/Sara/rails_projects/exercise7/app/controllers/sessions_controller.rb": [
        1,
        null,
        1,
        null,
        null,
        null,
        1,
        0,
        0,
        0,
        0,
        null,
        0,
        0,
        null,
        null,
        null,
        1,
        0,
        0,
        null,
        null
      ],
      "/Users/Sara/rails_projects/exercise7/app/controllers/users_controller.rb": [
        1,
        null,
        1,
        6,
        null,
        null,
        1,
        4,
        null,
        null,
        1,
        3,
        3,
        2,
        2,
        2,
        null,
        1,
        null,
        null,
        null,
        1,
        3,
        null,
        null,
        1,
        1,
        1,
        null,
        null,
        1,
        null,
        null,
        null
      ],
      "/Users/Sara/rails_projects/exercise7/app/models/user.rb": [
        1,
        1,
        1,
        8,
        1,
        null,
        null,
        1,
        1,
        1,
        1,
        1,
        null,
        1,
        1,
        7,
        null,
        null
      ]
    },
    "timestamp": 1438617056
  }
}
